1:# trace2v_multi-page.txt
2:# Allocates multiple pages
3:map      3  10060000
4:# Spot check pages cleared to 0
5:diff    0     0   0   0   0   0  0  0  0  0  0  0  0  0  0  10060000
6:diff    0     0   0   0   0   0  0  0  0  0  0  0  0  0  0  10070000
7:diff    0     0   0   0   0   0  0  0  0  0  0  0  0  0  0  10080000
8:replicate  ff  30000  10060000
9:store   0  1   2   3   4  5  6  7  8  9  a  b  c  d  e  f  1006fff0
10:diff    0  1   2   3   4  5  6  7  8  9  a  b  c  d  e  f  1006fff0
11:print    12  1006ffef
1006ffef
 ff 00 01 02 03 04 05 06 07 08 09 0a 0b 0c 0d 0e
 0f ff
12:# Allocate more pages
13:map      4  10230000
14:# Spot check pages cleared to 0
15:diff    0     0   0   0   0   0  0  0  0  0  0  0  0  0  0  10230000
16:diff    0     0   0   0   0   0  0  0  0  0  0  0  0  0  0  10240000
17:diff    0     0   0   0   0   0  0  0  0  0  0  0  0  0  0  10250000
18:diff    0     0   0   0   0   0  0  0  0  0  0  0  0  0  0  10260000
19:# Test replicate
20:replicate  a1  18000  10230000
21:replicate  a2  18000  10248000
22:replicate  a3  10000  10260000
23:diff    ff  0  1   2   3   4  5  6  7  8  9  a  b  c  d  e  f ff  1006ffef
24:print       12  1006ffef
1006ffef
 ff 00 01 02 03 04 05 06 07 08 09 0a 0b 0c 0d 0e
 0f ff
25:diff    a1    a1  a2  a2  10247ffe
26:print       20  10247ff0
10247ff0
 a1 a1 a1 a1 a1 a1 a1 a1 a1 a1 a1 a1 a1 a1 a1 a1
 a2 a2 a2 a2 a2 a2 a2 a2 a2 a2 a2 a2 a2 a2 a2 a2
27:diff    a2    a2  a3  a3  1025fffe
28:print       20  1025fff0
1025fff0
 a2 a2 a2 a2 a2 a2 a2 a2 a2 a2 a2 a2 a2 a2 a2 a2
 a3 a3 a3 a3 a3 a3 a3 a3 a3 a3 a3 a3 a3 a3 a3 a3
29:print       10  1026fff0
1026fff0
 a3 a3 a3 a3 a3 a3 a3 a3 a3 a3 a3 a3 a3 a3 a3 a3
30:duplicate   10  1006fff0  010250000
31:diff    a2     0   1   2   3   4  5  6  7  8  9  a  b  c  d  e  f  a2  1024ffff
32:# The following line tests that diff will generate errors on mismatches.
33:# There should be two mismatched bytes.  These should be the only diff errors
34:# in this file.
35:diff  a2     0   1   2   e   4  5  6  7  8  9  a  b  0  d  e  f  a2  1024ffff
diff error at address 10250003, expected e, actual is 3
diff error at address 1025000c, expected 0, actual is c
36:# end of trace
