1:# trace1v.txt - simple trace file
2:map      1      20000000
3:# Make sure allocated page is cleared to 0 by checking scattered blocks of bytes
4:diff  0  0   0   0   0   0  0  0  0  0  0  0  0  0  0  0  20000000
5:diff  0  0   0   0   0   0  0  0  0  0  0  0  0  0  0  0  20008000
6:diff  0  0   0   0   0   0  0  0  0  0  0  0  0  0  0  0  2000fff0
7:# Fill with different value and check again
8:replicate  55 10000 20000000
9:diff  55  55   55   55   55   55  55  55  55  55  55  55  55  55  55  55  20000000
10:diff  55  55   55   55   55   55  55  55  55  55  55  55  55  55  55  55  20008000
11:diff  55  55   55   55   55   55  55  55  55  55  55  55  55  55  55  55  2000fff0
12:store      81    82  83  84  85  200000a0
13:store      92 200000a2
14:diff  81  82  92  84  85  200000a0
15:store      aa  200000ff
16:diff       aa  200000ff
17:replicate     de  3  2000000b
18:diff  55    de  de  de  55  2000000a
19:replicate     cc  10  20000020
20:duplicate  6  200000a0  20000021  
21:diff  cc    81  82  92  84  85  20000020
22:print  100  20000000
20000000
 55 55 55 55 55 55 55 55 55 55 55 de de de 55 55
 55 55 55 55 55 55 55 55 55 55 55 55 55 55 55 55
 cc 81 82 92 84 85 55 cc cc cc cc cc cc cc cc cc
 55 55 55 55 55 55 55 55 55 55 55 55 55 55 55 55
 55 55 55 55 55 55 55 55 55 55 55 55 55 55 55 55
 55 55 55 55 55 55 55 55 55 55 55 55 55 55 55 55
 55 55 55 55 55 55 55 55 55 55 55 55 55 55 55 55
 55 55 55 55 55 55 55 55 55 55 55 55 55 55 55 55
 55 55 55 55 55 55 55 55 55 55 55 55 55 55 55 55
 55 55 55 55 55 55 55 55 55 55 55 55 55 55 55 55
 81 82 92 84 85 55 55 55 55 55 55 55 55 55 55 55
 55 55 55 55 55 55 55 55 55 55 55 55 55 55 55 55
 55 55 55 55 55 55 55 55 55 55 55 55 55 55 55 55
 55 55 55 55 55 55 55 55 55 55 55 55 55 55 55 55
 55 55 55 55 55 55 55 55 55 55 55 55 55 55 55 55
 55 55 55 55 55 55 55 55 55 55 55 55 55 55 55 aa
23:# end of trace
